<?xml version="1.0" encoding="UTF-8"?>
<!-- Generated by org.testng.reporters.JUnitReportReporter -->
<testsuite hostname="DESKTOP-JDOT254" failures="0" tests="2" name="Academy.HomePage" time="18.058" errors="0" timestamp="12 Sep 2019 22:48:29 GMT" skipped="0">
  <testcase classname="Academy.HomePage" name="basePageNavigation" time="11.296"/>
  <testcase classname="Academy.HomePage" name="basePageNavigation" time="6.762"/>
</testsuite> <!-- Academy.HomePage -->
